0 info it worked if it ends with ok
1 verbose cli [ '/Users/arnog/.nvm/versions/node/v5.12.0/bin/node',
1 verbose cli   '/Users/arnog/.nvm/versions/node/v5.12.0/bin/npm',
1 verbose cli   'run',
1 verbose cli   'docs' ]
2 info using npm@3.8.6
3 info using node@v5.12.0
4 verbose run-script [ 'predocs', 'docs', 'postdocs' ]
5 info lifecycle mathlive@0.0.15~predocs: mathlive@0.0.15
6 silly lifecycle mathlive@0.0.15~predocs: no script for predocs, continuing
7 info lifecycle mathlive@0.0.15~docs: mathlive@0.0.15
8 verbose lifecycle mathlive@0.0.15~docs: unsafe-perm in lifecycle true
9 verbose lifecycle mathlive@0.0.15~docs: PATH: /Users/arnog/.nvm/versions/node/v5.12.0/lib/node_modules/npm/bin/node-gyp-bin:/Users/arnog/Dropbox/mathlive/source/_mathlive/node_modules/.bin:/Users/arnog/.nvm/versions/node/v5.12.0/bin:/Users/arnog/.nvm/versions/node/v5.12.0/lib/node_modules/npm/bin/node-gyp-bin:/Users/arnog/Dropbox/mathlive/source/_mathlive/node_modules/.bin:/Users/arnog/.nvm/versions/node/v5.12.0/bin:/Users/arnog/.nvm/versions/node/v5.12.0/lib/node_modules/npm/bin/node-gyp-bin:/Users/arnog/Dropbox/mathlive/source/_mathlive/node_modules/.bin:/Users/arnog/.nvm/versions/node/v5.12.0/bin:/Users/arnog/.nvm/versions/node/v5.12.0/lib/node_modules/npm/bin/node-gyp-bin:/Users/arnog/Dropbox/mathlive/source/_mathlive/node_modules/.bin:/Users/arnog/.nvm/versions/node/v5.12.0/bin:/Users/arnog/.nvm/versions/node/v5.12.0/bin:/usr/local/bin:/usr/bin:/bin:/usr/sbin:/sbin:/Library/TeX/texbin
10 verbose lifecycle mathlive@0.0.15~docs: CWD: /Users/arnog/Dropbox/mathlive/source/_mathlive
11 silly lifecycle mathlive@0.0.15~docs: Args: [ '-c',
11 silly lifecycle   'jsdoc -c ./jsdoc.conf.json && echo "docs.mathlive.io" > docs/CNAME' ]
12 silly lifecycle mathlive@0.0.15~docs: Returned: code: 1  signal: null
13 info lifecycle mathlive@0.0.15~docs: Failed to exec docs script
14 verbose stack Error: mathlive@0.0.15 docs: `jsdoc -c ./jsdoc.conf.json && echo "docs.mathlive.io" > docs/CNAME`
14 verbose stack Exit status 1
14 verbose stack     at EventEmitter.<anonymous> (/Users/arnog/.nvm/versions/node/v5.12.0/lib/node_modules/npm/lib/utils/lifecycle.js:239:16)
14 verbose stack     at emitTwo (events.js:100:13)
14 verbose stack     at EventEmitter.emit (events.js:185:7)
14 verbose stack     at ChildProcess.<anonymous> (/Users/arnog/.nvm/versions/node/v5.12.0/lib/node_modules/npm/lib/utils/spawn.js:24:14)
14 verbose stack     at emitTwo (events.js:100:13)
14 verbose stack     at ChildProcess.emit (events.js:185:7)
14 verbose stack     at maybeClose (internal/child_process.js:850:16)
14 verbose stack     at Process.ChildProcess._handle.onexit (internal/child_process.js:215:5)
15 verbose pkgid mathlive@0.0.15
16 verbose cwd /Users/arnog/Dropbox/mathlive/source/_mathlive
17 error Darwin 16.7.0
18 error argv "/Users/arnog/.nvm/versions/node/v5.12.0/bin/node" "/Users/arnog/.nvm/versions/node/v5.12.0/bin/npm" "run" "docs"
19 error node v5.12.0
20 error npm  v3.8.6
21 error code ELIFECYCLE
22 error mathlive@0.0.15 docs: `jsdoc -c ./jsdoc.conf.json && echo "docs.mathlive.io" > docs/CNAME`
22 error Exit status 1
23 error Failed at the mathlive@0.0.15 docs script 'jsdoc -c ./jsdoc.conf.json && echo "docs.mathlive.io" > docs/CNAME'.
23 error Make sure you have the latest version of node.js and npm installed.
23 error If you do, this is most likely a problem with the mathlive package,
23 error not with npm itself.
23 error Tell the author that this fails on your system:
23 error     jsdoc -c ./jsdoc.conf.json && echo "docs.mathlive.io" > docs/CNAME
23 error You can get information on how to open an issue for this project with:
23 error     npm bugs mathlive
23 error Or if that isn't available, you can get their info via:
23 error     npm owner ls mathlive
23 error There is likely additional logging output above.
24 verbose exit [ 1, true ]
